==================================================
SLURM_ARRAY_TASK_ID = 10
Run name            = kernel=quantum_chebyshev_layers=2_traink=false_qubits=2_seed=42
kernel_type         = quantum_chebyshev
n_layers            = 2
train_kernel        = false
n_qubits            = 2
==================================================
Executing:
python mnist_chebyshev.py --kernel-type quantum_chebyshev --seed 42 --n-qubits 2 --n-layers 2 --entanglement linear --n-train 200 --n-test 100 --svm-c 1.0 --initial-theta random --save-kernels --run-name kernel=quantum_chebyshev_layers=2_traink=false_qubits=2_seed=42 
============================================================
Run name:        kernel=quantum_chebyshev_layers=2_traink=false_qubits=2_seed=42
Kernel type:     quantum_chebyshev
n_qubits:        2
n_layers:        2
train_kernel:    False
results_dir:     results/mnist_chebyshev
============================================================
Loading and preprocessing MNIST 3 vs 6...
Train subset size: 200
Test subset size:  100
Building quantum feature map...
Number of trainable quantum parameters: 6
Using fixed random quantum kernel parameters...
Evaluating quantum kernel matrices...
K_train shape:        (200, 200)
K_test shape:         (100, 200)
Kernel eval time:     134.598 s
Training SVM with precomputed kernel...
Test accuracy:        0.9000
Appended results to:  results/mnist_chebyshev/results.csv
Saved kernel matrices: results/mnist_chebyshev/kernels/kernel=quantum_chebyshev_layers=2_traink=false_qubits=2_seed=42.npz
Done.
