==================================================
SLURM_ARRAY_TASK_ID = 1
Run name            = kernel=quantum_chebyshev_layers=1_traink=false_qubits=4_seed=42
kernel_type         = quantum_chebyshev
n_layers            = 1
train_kernel        = false
n_qubits            = 4
==================================================
Executing:
python mnist_chebyshev.py --kernel-type quantum_chebyshev --seed 42 --n-qubits 4 --n-layers 1 --entanglement linear --n-train 200 --n-test 100 --svm-c 1.0 --initial-theta random --save-kernels --run-name kernel=quantum_chebyshev_layers=1_traink=false_qubits=4_seed=42 
============================================================
Run name:        kernel=quantum_chebyshev_layers=1_traink=false_qubits=4_seed=42
Kernel type:     quantum_chebyshev
n_qubits:        4
n_layers:        1
train_kernel:    False
results_dir:     results/mnist_chebyshev
============================================================
Loading and preprocessing MNIST 3 vs 6...
Train subset size: 200
Test subset size:  100
Building quantum feature map...
Number of trainable quantum parameters: 7
Using fixed random quantum kernel parameters...
Evaluating quantum kernel matrices...
K_train shape:        (200, 200)
K_test shape:         (100, 200)
Kernel eval time:     180.901 s
Training SVM with precomputed kernel...
Test accuracy:        0.8600
Appended results to:  results/mnist_chebyshev/results.csv
Saved kernel matrices: results/mnist_chebyshev/kernels/kernel=quantum_chebyshev_layers=1_traink=false_qubits=4_seed=42.npz
Done.
